[INFO  - 2020-10-04T17:41:50.017Z] GhostDriver - Main - running on port 42107
[INFO  - 2020-10-04T17:41:50.680Z] Session [e23a0230-0668-11eb-8e9b-837914c4d67e] - page.settings - {"XSSAuditingEnabled":false,"javascriptCanCloseWindows":true,"javascriptCanOpenWindows":true,"javascriptEnabled":true,"loadImages":true,"localToRemoteUrlAccessEnabled":false,"userAgent":"Mozilla/5.0 (Windows NT 6.2; WOW64) AppleWebKit/538.1 (KHTML, like Gecko) PhantomJS/2.1.1 Safari/538.1","webSecurityEnabled":false}
[INFO  - 2020-10-04T17:41:50.680Z] Session [e23a0230-0668-11eb-8e9b-837914c4d67e] - page.customHeaders:  - {}
[INFO  - 2020-10-04T17:41:50.680Z] Session [e23a0230-0668-11eb-8e9b-837914c4d67e] - Session.negotiatedCapabilities - {"browserName":"phantomjs","version":"2.1.1","driverName":"ghostdriver","driverVersion":"1.2.0","platform":"windows-10-32bit","javascriptEnabled":true,"takesScreenshot":true,"handlesAlerts":false,"databaseEnabled":false,"locationContextEnabled":false,"applicationCacheEnabled":false,"browserConnectionEnabled":false,"cssSelectorsEnabled":true,"webStorageEnabled":false,"rotatable":false,"acceptSslCerts":false,"nativeEvents":true,"proxy":{"proxyType":"direct"}}
[INFO  - 2020-10-04T17:41:50.682Z] SessionManagerReqHand - _postNewSessionCommand - New Session Created: e23a0230-0668-11eb-8e9b-837914c4d67e
[INFO  - 2020-10-04T17:42:05.134Z] ShutdownReqHand - _handle - About to shutdown
[INFO  - 2020-10-04T22:03:17.642Z] GhostDriver - Main - running on port 10452
[INFO  - 2020-10-04T22:03:18.392Z] Session [68d4e430-068d-11eb-ac25-dfc0393f6b5a] - page.settings - {"XSSAuditingEnabled":false,"javascriptCanCloseWindows":true,"javascriptCanOpenWindows":true,"javascriptEnabled":true,"loadImages":true,"localToRemoteUrlAccessEnabled":false,"userAgent":"Mozilla/5.0 (Windows NT 6.2; WOW64) AppleWebKit/538.1 (KHTML, like Gecko) PhantomJS/2.1.1 Safari/538.1","webSecurityEnabled":false}
[INFO  - 2020-10-04T22:03:18.393Z] Session [68d4e430-068d-11eb-ac25-dfc0393f6b5a] - page.customHeaders:  - {}
[INFO  - 2020-10-04T22:03:18.393Z] Session [68d4e430-068d-11eb-ac25-dfc0393f6b5a] - Session.negotiatedCapabilities - {"browserName":"phantomjs","version":"2.1.1","driverName":"ghostdriver","driverVersion":"1.2.0","platform":"windows-10-32bit","javascriptEnabled":true,"takesScreenshot":true,"handlesAlerts":false,"databaseEnabled":false,"locationContextEnabled":false,"applicationCacheEnabled":false,"browserConnectionEnabled":false,"cssSelectorsEnabled":true,"webStorageEnabled":false,"rotatable":false,"acceptSslCerts":false,"nativeEvents":true,"proxy":{"proxyType":"direct"}}
[INFO  - 2020-10-04T22:03:18.393Z] SessionManagerReqHand - _postNewSessionCommand - New Session Created: 68d4e430-068d-11eb-ac25-dfc0393f6b5a
[INFO  - 2020-10-04T22:03:32.946Z] ShutdownReqHand - _handle - About to shutdown
[INFO  - 2020-10-04T22:03:46.785Z] GhostDriver - Main - running on port 36456
[INFO  - 2020-10-04T22:03:47.052Z] Session [79e9c150-068d-11eb-b216-a7e4e4eaf1f0] - page.settings - {"XSSAuditingEnabled":false,"javascriptCanCloseWindows":true,"javascriptCanOpenWindows":true,"javascriptEnabled":true,"loadImages":true,"localToRemoteUrlAccessEnabled":false,"userAgent":"Mozilla/5.0 (Windows NT 6.2; WOW64) AppleWebKit/538.1 (KHTML, like Gecko) PhantomJS/2.1.1 Safari/538.1","webSecurityEnabled":false}
[INFO  - 2020-10-04T22:03:47.052Z] Session [79e9c150-068d-11eb-b216-a7e4e4eaf1f0] - page.customHeaders:  - {}
[INFO  - 2020-10-04T22:03:47.052Z] Session [79e9c150-068d-11eb-b216-a7e4e4eaf1f0] - Session.negotiatedCapabilities - {"browserName":"phantomjs","version":"2.1.1","driverName":"ghostdriver","driverVersion":"1.2.0","platform":"windows-10-32bit","javascriptEnabled":true,"takesScreenshot":true,"handlesAlerts":false,"databaseEnabled":false,"locationContextEnabled":false,"applicationCacheEnabled":false,"browserConnectionEnabled":false,"cssSelectorsEnabled":true,"webStorageEnabled":false,"rotatable":false,"acceptSslCerts":false,"nativeEvents":true,"proxy":{"proxyType":"direct"}}
[INFO  - 2020-10-04T22:03:47.052Z] SessionManagerReqHand - _postNewSessionCommand - New Session Created: 79e9c150-068d-11eb-b216-a7e4e4eaf1f0
[ERROR - 2020-10-04T22:05:55.234Z] WebElementLocator - _handleLocateCommand - Element(s) NOT Found: GAVE UP. Search Stop Time: 1601849155173
[ERROR - 2020-10-04T22:07:56.164Z] WebElementLocator - _handleLocateCommand - Element(s) NOT Found: GAVE UP. Search Stop Time: 1601849276099
[INFO  - 2020-10-04T22:08:02.730Z] ShutdownReqHand - _handle - About to shutdown
